<?xml version="1.0" encoding="UTF-8"?>
<testsuite name="edu.virginia.cs.ExampleTest" tests="1" skipped="0" failures="0" errors="0" timestamp="2023-01-02T22:26:15" hostname="Yuanyuans-MacBook-Air.local" time="0.02">
  <properties/>
  <testcase name="testSQRT()" classname="edu.virginia.cs.ExampleTest" time="0.02"/>
  <system-out><![CDATA[]]></system-out>
  <system-err><![CDATA[]]></system-err>
</testsuite>
